[00:37:31] [main/INFO]: Loading Minecraft 1.21.11 with Fabric Loader 0.18.2
[00:37:31] [main/INFO]: Fabric is preparing JARs on first launch, this may take a few seconds...
[00:37:32] [main/INFO]: Loading 4 mods:
	- fabricloader 0.18.2
	   \-- mixinextras 0.5.0
	- java 21
	- minecraft 1.21.11
[00:37:32] [main/INFO]: SpongePowered MIXIN Subsystem Version=0.8.7 Source=file:/workspaces/sebas132/servidor_minecraft/libraries/net/fabricmc/sponge-mixin/0.16.5+mixin.0.8.7/sponge-mixin-0.16.5+mixin.0.8.7.jar Service=Knot/Fabric Env=SERVER
[00:37:38] [main/INFO]: Environment: Environment[sessionHost=https://sessionserver.mojang.com, servicesHost=https://api.minecraftservices.com, profilesHost=https://api.mojang.com, name=PROD]
[00:37:38] [main/INFO]: No existing world data, creating new world
[00:37:39] [main/INFO]: Loaded 1470 recipes
[00:37:39] [main/INFO]: Loaded 1584 advancements
[00:37:39] [Server thread/INFO]: Starting minecraft server version 1.21.11
[00:37:39] [Server thread/INFO]: Loading properties
[00:37:39] [Server thread/INFO]: Default game type: SURVIVAL
[00:37:39] [Server thread/INFO]: Generating keypair
[00:37:39] [Server thread/INFO]: Starting Minecraft server on *:25565
[00:37:40] [Server thread/WARN]: **** SERVER IS RUNNING IN OFFLINE/INSECURE MODE!
[00:37:40] [Server thread/WARN]: The server will make no attempt to authenticate usernames. Beware.
[00:37:40] [Server thread/WARN]: While this makes the game possible to play without internet access, it also opens up the ability for hackers to connect with any username they choose.
[00:37:40] [Server thread/WARN]: To change this, set "online-mode" to "true" in the server.properties file.
[00:37:40] [Server thread/INFO]: Preparing level "world"
[00:37:40] [Server thread/INFO]: Selecting global world spawn...
[00:37:45] [Server thread/INFO]: Loading 0 persistent chunks...
[00:37:45] [Server thread/INFO]: Preparing spawn area: 100%
[00:37:45] [Server thread/INFO]: Time elapsed: 4775 ms
[00:37:45] [Server thread/INFO]: Done (5.112s)! For help, type "help"
[00:38:45] [Server thread/INFO]: Server empty for 60 seconds, pausing
[00:42:25] [Server thread/INFO]: Unknown or incomplete command. See below for error
[00:42:25] [Server thread/INFO]: https://playit.gg/claim/cdd73940ba/stop<--[HERE]
